<?xml version="1.0" encoding="utf-8" standalone="no"?>
<!--This file represents the results of running a test suite-->
<test-results name="C:\Users\yves.lionel\Documents\Visual Studio 2013\Projects\TemplateTesting\TestsIntegration\bin\Debug\TestsIntegration.dll" total="1" errors="0" failures="1" not-run="0" inconclusive="0" ignored="0" skipped="0" invalid="0" date="2015-07-08" time="11:12:34">
  <environment nunit-version="2.6.4.14350" clr-version="2.0.50727.5485" os-version="Microsoft Windows NT 6.1.7601 Service Pack 1" platform="Win32NT" cwd="C:\Program Files (x86)\NUnit 2.6.4\bin" machine-name="D0679" user="yves.lionel" user-domain="SPE" />
  <culture-info current-culture="fr-CA" current-uiculture="fr-FR" />
  <test-suite type="Assembly" name="C:\Users\yves.lionel\Documents\Visual Studio 2013\Projects\TemplateTesting\TestsIntegration\bin\Debug\TestsIntegration.dll" executed="True" result="Failure" success="False" time="0.138" asserts="0">
    <results>
      <test-suite type="Namespace" name="TestsIntegration" executed="True" result="Failure" success="False" time="0.138" asserts="0">
        <results>
          <test-suite type="TestFixture" name="Test_Nunit" executed="True" result="Failure" success="False" time="0.137" asserts="0">
            <results>
              <test-case name="TestsIntegration.Test_Nunit.insertcredittranstest" executed="True" result="Failure" success="False" time="0.135" asserts="1">
                <categories>
                  <category name="Database" />
                </categories>
                <failure>
                  <message><![CDATA[  Expected: 251.0d
  But was:  250.0d
]]></message>
                  <stack-trace><![CDATA[à TestsIntegration.Test_Nunit.insertcredittranstest() dans c:\Users\yves.lionel\Documents\Visual Studio 2013\Projects\TemplateTesting\TestsIntegration\Test_Nunit.cs:ligne 97
]]></stack-trace>
                </failure>
              </test-case>
            </results>
          </test-suite>
        </results>
      </test-suite>
    </results>
  </test-suite>
</test-results>